<?xml version="1.0" encoding="UTF-8"?>
<!-- Generated by org.testng.reporters.JUnitXMLReporter -->
<testsuite ignored="0" hostname="DESKTOP-K9624QN" failures="0" tests="4" name="Test" time="91.409" errors="0" timestamp="2021-01-06T22:00:46 IST">
  <testcase classname="Academy.HomePageTextCheck" name="textCheck" time="24.377"/>
  <testcase classname="Academy.Calling" name="PageNavigate" time="24.737"/>
  <testcase classname="Academy.Calling" name="PageNavigate" time="24.617"/>
  <testcase classname="Academy.CheckNavBar" name="CheckNavBarMethod" time="17.12"/>
</testsuite> <!-- Test -->
