<?xml version="1.0" encoding="UTF-8"?>
<!-- Generated by org.testng.reporters.JUnitXMLReporter -->
<testsuite ignored="0" hostname="DESKTOP-K9624QN" failures="0" tests="5" name="Test" time="98.079" errors="0" timestamp="2021-03-14T13:54:59 IST">
  <testcase classname="Academy.HomePageTextCheck" name="textCheck" time="19.324"/>
  <testcase classname="Academy.LoginPageCalling" name="PageNavigate" time="19.678"/>
  <testcase classname="Academy.LoginPageCalling" name="PageNavigate" time="21.646"/>
  <testcase classname="Academy.CheckNavBar" name="CheckNavBarMethod" time="12.39"/>
  <testcase classname="Academy.CheckMentorPage" name="metorPage" time="20.093"/>
</testsuite> <!-- Test -->
