<?xml version="1.0" encoding="UTF-8"?>
<testng-results ignored="0" total="1" passed="1" failed="0" skipped="0">
  <reporter-output>
  </reporter-output>
  <suite started-at="2021-03-02T23:22:36 IST" name="Default suite" finished-at="2021-03-02T23:22:55 IST" duration-ms="19269">
    <groups>
    </groups>
    <test started-at="2021-03-02T23:22:36 IST" name="Default test" finished-at="2021-03-02T23:22:55 IST" duration-ms="19269">
      <class name="Academy.CheckMentorPage">
        <test-method signature="metorPage()[pri:0, instance:Academy.CheckMentorPage@72a7c7e0]" started-at="2021-03-02T23:22:36 IST" name="metorPage" finished-at="2021-03-02T23:22:55 IST" duration-ms="19207" status="PASS">
          <reporter-output>
          </reporter-output>
        </test-method> <!-- metorPage -->
      </class> <!-- Academy.CheckMentorPage -->
    </test> <!-- Default test -->
  </suite> <!-- Default suite -->
</testng-results>
